Flow report for PBL3_ultima_esperanca
Wed Jun 14 17:15:53 2023
Quartus Prime Version 20.1.0 Build 711 06/05/2020 SJ Lite Edition


---------------------
; Table of Contents ;
---------------------
  1. Legal Notice
  2. Flow Summary
  3. Flow Settings
  4. Flow Non-Default Global Settings
  5. Flow Elapsed Time
  6. Flow OS Summary
  7. Flow Log
  8. Flow Messages
  9. Flow Suppressed Messages



----------------
; Legal Notice ;
----------------
Copyright (C) 2020  Intel Corporation. All rights reserved.
Your use of Intel Corporation's design tools, logic functions 
and other software and tools, and any partner logic 
functions, and any output files from any of the foregoing 
(including device programming or simulation files), and any 
associated documentation or information are expressly subject 
to the terms and conditions of the Intel Program License 
Subscription Agreement, the Intel Quartus Prime License Agreement,
the Intel FPGA IP License Agreement, or other applicable license
agreement, including, without limitation, that your use is for
the sole purpose of programming logic devices manufactured by
Intel and sold by Intel or its authorized distributors.  Please
refer to the applicable agreement for further details, at
https://fpgasoftware.intel.com/eula.



+---------------------------------------------------------------------+
; Flow Summary                                                        ;
+-----------------------+---------------------------------------------+
; Flow Status           ; Successful - Wed Jun 14 17:15:51 2023       ;
; Quartus Prime Version ; 20.1.0 Build 711 06/05/2020 SJ Lite Edition ;
; Revision Name         ; PBL3_ultima_esperanca                       ;
; Top-level Entity Name ; Principal                                   ;
; Family                ; MAX II                                      ;
; Device                ; EPM240T100C5                                ;
; Timing Models         ; Final                                       ;
; Total logic elements  ; 136 / 240 ( 57 % )                          ;
; Total pins            ; 37 / 80 ( 46 % )                            ;
; Total virtual pins    ; 0                                           ;
; UFM blocks            ; 0 / 1 ( 0 % )                               ;
+-----------------------+---------------------------------------------+


+-------------------------------------------+
; Flow Settings                             ;
+-------------------+-----------------------+
; Option            ; Setting               ;
+-------------------+-----------------------+
; Start date & time ; 06/14/2023 17:15:40   ;
; Main task         ; Compilation           ;
; Revision Name     ; PBL3_ultima_esperanca ;
+-------------------+-----------------------+


+----------------------------------------------------------------------------------------------------------------------------+
; Flow Non-Default Global Settings                                                                                           ;
+---------------------------------------+---------------------------------+-----------------------+-------------+------------+
; Assignment Name                       ; Value                           ; Default Value         ; Entity Name ; Section Id ;
+---------------------------------------+---------------------------------+-----------------------+-------------+------------+
; COMPILER_SIGNATURE_ID                 ; 127872474766653.168677374008824 ; --                    ; --          ; --         ;
; MAX_CORE_JUNCTION_TEMP                ; 85                              ; --                    ; --          ; --         ;
; MIN_CORE_JUNCTION_TEMP                ; 0                               ; --                    ; --          ; --         ;
; POWER_EXT_SUPPLY_VOLTAGE_TO_REGULATOR ; 3.3V                            ; --                    ; --          ; --         ;
; POWER_PRESET_COOLING_SOLUTION         ; No Heat Sink With Still Air     ; --                    ; --          ; --         ;
; PROJECT_OUTPUT_DIRECTORY              ; output_files                    ; --                    ; --          ; --         ;
; TOP_LEVEL_ENTITY                      ; Principal                       ; PBL3_ultima_esperanca ; --          ; --         ;
+---------------------------------------+---------------------------------+-----------------------+-------------+------------+


+--------------------------------------------------------------------------------------------------------------------------+
; Flow Elapsed Time                                                                                                        ;
+----------------------+--------------+-------------------------+---------------------+------------------------------------+
; Module Name          ; Elapsed Time ; Average Processors Used ; Peak Virtual Memory ; Total CPU Time (on all processors) ;
+----------------------+--------------+-------------------------+---------------------+------------------------------------+
; Analysis & Synthesis ; 00:00:08     ; 1.0                     ; 341 MB              ; 00:00:22                           ;
; Fitter               ; 00:00:01     ; 1.1                     ; 1172 MB             ; 00:00:03                           ;
; Assembler            ; 00:00:00     ; 1.0                     ; 333 MB              ; 00:00:00                           ;
; Timing Analyzer      ; 00:00:01     ; 1.0                     ; 382 MB              ; 00:00:01                           ;
; Total                ; 00:00:10     ; --                      ; --                  ; 00:00:26                           ;
+----------------------+--------------+-------------------------+---------------------+------------------------------------+


+---------------------------------------------------------------------------------------+
; Flow OS Summary                                                                       ;
+----------------------+---------------------+------------+------------+----------------+
; Module Name          ; Machine Hostname    ; OS Name    ; OS Version ; Processor type ;
+----------------------+---------------------+------------+------------+----------------+
; Analysis & Synthesis ; luis-Aspire-A515-45 ; Linux Mint ; 21         ; x86_64         ;
; Fitter               ; luis-Aspire-A515-45 ; Linux Mint ; 21         ; x86_64         ;
; Assembler            ; luis-Aspire-A515-45 ; Linux Mint ; 21         ; x86_64         ;
; Timing Analyzer      ; luis-Aspire-A515-45 ; Linux Mint ; 21         ; x86_64         ;
+----------------------+---------------------+------------+------------+----------------+


------------
; Flow Log ;
------------
quartus_map --read_settings_files=on --write_settings_files=off PBL3_ultima_esperanca -c PBL3_ultima_esperanca
quartus_fit --read_settings_files=off --write_settings_files=off PBL3_ultima_esperanca -c PBL3_ultima_esperanca
quartus_asm --read_settings_files=off --write_settings_files=off PBL3_ultima_esperanca -c PBL3_ultima_esperanca
quartus_sta PBL3_ultima_esperanca -c PBL3_ultima_esperanca



